<?xml version="1.0" encoding="UTF-8"?>
<!-- Generated by org.testng.reporters.JUnitReportReporter -->
<testsuite name="com.orbitz.scripts.DataTest" tests="1" time="23.534" ignored="0" failures="0" timestamp="13 Feb 2018 11:27:18 GMT" skipped="0" hostname="ICPL11548" errors="0">
  <testcase name="gettingInputs" time="23.534" classname="com.orbitz.scripts.DataTest"/>
</testsuite> <!-- com.orbitz.scripts.DataTest -->
