<?xml version="1.0" encoding="UTF-8"?>
<!-- Generated by org.testng.reporters.JUnitReportReporter -->
<testsuite name="com.qmetry.qaf.automation.step.client.DataDrivenScenario" tests="1" time="33.042" ignored="1" failures="0" timestamp="14 Feb 2018 03:52:30 GMT" skipped="0" hostname="ICPL11548" errors="0">
  <testcase name="test" time="33.042" classname="com.qmetry.qaf.automation.step.client.DataDrivenScenario"/>
  <testcase name="test" classname="com.qmetry.qaf.automation.step.client.DataDrivenScenario">
    <skipped/>
  </testcase> <!-- test -->
</testsuite> <!-- com.qmetry.qaf.automation.step.client.DataDrivenScenario -->
