<?xml version="1.0" encoding="UTF-8"?>
<!-- Generated by org.testng.reporters.JUnitReportReporter -->
<testsuite name="com.orbitz.scripts.TestOrbitz" tests="1" time="33.329" ignored="0" failures="0" timestamp="13 Feb 2018 11:05:28 GMT" skipped="0" hostname="ICPL11548" errors="0">
  <testcase name="flightBooking" time="33.329" classname="com.orbitz.scripts.TestOrbitz"/>
</testsuite> <!-- com.orbitz.scripts.TestOrbitz -->
