<?xml version="1.0" encoding="UTF-8"?>
<!-- Generated by org.testng.reporters.JUnitReportReporter -->
<testsuite name="com.qmetry.qaf.automation.step.client.Scenario" tests="1" time="25.629" ignored="0" failures="0" timestamp="13 Feb 2018 12:20:48 GMT" skipped="0" hostname="ICPL11548" errors="0">
  <testcase name="SampleTest" time="25.629" classname="com.qmetry.qaf.automation.step.client.Scenario"/>
</testsuite> <!-- com.qmetry.qaf.automation.step.client.Scenario -->
